Traceback (most recent call last):
  File "/home/buffat/venvs/jupyter/lib/python3.10/site-packages/jupyter_cache/executors/utils.py", line 58, in single_nb_execution
    executenb(
  File "/home/buffat/venvs/jupyter/lib/python3.10/site-packages/nbclient/client.py", line 1305, in execute
    return NotebookClient(nb=nb, resources=resources, km=km, **kwargs).execute()
  File "/home/buffat/venvs/jupyter/lib/python3.10/site-packages/jupyter_core/utils/__init__.py", line 166, in wrapped
    return loop.run_until_complete(inner)
  File "/usr/lib/python3.10/asyncio/base_events.py", line 649, in run_until_complete
    return future.result()
  File "/home/buffat/venvs/jupyter/lib/python3.10/site-packages/nbclient/client.py", line 705, in async_execute
    await self.async_execute_cell(
  File "/home/buffat/venvs/jupyter/lib/python3.10/site-packages/nbclient/client.py", line 1058, in async_execute_cell
    await self._check_raise_for_error(cell, cell_index, exec_reply)
  File "/home/buffat/venvs/jupyter/lib/python3.10/site-packages/nbclient/client.py", line 914, in _check_raise_for_error
    raise CellExecutionError.from_cell_and_msg(cell, exec_reply_content)
nbclient.exceptions.CellExecutionError: An error occurred while executing the following cell:
------------------
def Simpson(Y,dx):
    """ Calcul de l'integrale par la mehode de simspon
        Y valeurs de f(x) en 2N+1 points distants de dx """
    somme = 0.
    N = size(Y)//2
    for i in range(N):
        somme = somme + Y[2*i+2]+4*Y[2*i+1]+Y[2*i]
    return somme*dx/3.
#
N=20
X=linspace(0,pi,2*N+1)
dx=X[1]-X[0]
Y=sin(X)
print("Simpson=",Simpson(Y,dx))
# libaririe
from scipy.integrate import simps,cumtrapz
print("simps=",simps(Y,dx=dx))
print("trapz=",cumtrapz(Y,dx=dx)[-1])
# Gauss
from scipy.integrate import quadrature
print("Gauss=",quadrature(sin,0,pi,maxiter=7))
------------------

----- stdout -----
Simpson= 2.0000004230931827
------------------

[0;31m---------------------------------------------------------------------------[0m
[0;31mImportError[0m                               Traceback (most recent call last)
Cell [0;32mIn[11], line 16[0m
[1;32m     14[0m [38;5;28mprint[39m([38;5;124m"[39m[38;5;124mSimpson=[39m[38;5;124m"[39m,Simpson(Y,dx))
[1;32m     15[0m [38;5;66;03m# libaririe[39;00m
[0;32m---> 16[0m [38;5;28;01mfrom[39;00m [38;5;21;01mscipy[39;00m[38;5;21;01m.[39;00m[38;5;21;01mintegrate[39;00m [38;5;28;01mimport[39;00m simps,cumtrapz
[1;32m     17[0m [38;5;28mprint[39m([38;5;124m"[39m[38;5;124msimps=[39m[38;5;124m"[39m,simps(Y,dx[38;5;241m=[39mdx))
[1;32m     18[0m [38;5;28mprint[39m([38;5;124m"[39m[38;5;124mtrapz=[39m[38;5;124m"[39m,cumtrapz(Y,dx[38;5;241m=[39mdx)[[38;5;241m-[39m[38;5;241m1[39m])

[0;31mImportError[0m: cannot import name 'simps' from 'scipy.integrate' (/home/buffat/venvs/jupyter/lib/python3.10/site-packages/scipy/integrate/__init__.py)

